2023-08-14 11:17:53.673035: W tensorflow/stream_executor/platform/default/dso_loader.cc:64] Could not load dynamic library 'libcudart.so.11.0'; dlerror: libcudart.so.11.0: cannot open shared object file: No such file or directory
2023-08-14 11:17:53.673055: I tensorflow/stream_executor/cuda/cudart_stub.cc:29] Ignore above cudart dlerror if you do not have a GPU set up on your machine.
19701/19701 pairs for training
1225/1225 pairs for testing
2023-08-14 11:17:56.370822: I tensorflow/stream_executor/cuda/cuda_gpu_executor.cc:975] successful NUMA node read from SysFS had negative value (-1), but there must be at least one NUMA node, so returning NUMA node zero
2023-08-14 11:17:56.371814: W tensorflow/stream_executor/platform/default/dso_loader.cc:64] Could not load dynamic library 'libcudart.so.11.0'; dlerror: libcudart.so.11.0: cannot open shared object file: No such file or directory
2023-08-14 11:17:56.371872: W tensorflow/stream_executor/platform/default/dso_loader.cc:64] Could not load dynamic library 'libcublas.so.11'; dlerror: libcublas.so.11: cannot open shared object file: No such file or directory
2023-08-14 11:17:56.371925: W tensorflow/stream_executor/platform/default/dso_loader.cc:64] Could not load dynamic library 'libcublasLt.so.11'; dlerror: libcublasLt.so.11: cannot open shared object file: No such file or directory
2023-08-14 11:17:56.371975: W tensorflow/stream_executor/platform/default/dso_loader.cc:64] Could not load dynamic library 'libcufft.so.10'; dlerror: libcufft.so.10: cannot open shared object file: No such file or directory
2023-08-14 11:17:56.372026: W tensorflow/stream_executor/platform/default/dso_loader.cc:64] Could not load dynamic library 'libcurand.so.10'; dlerror: libcurand.so.10: cannot open shared object file: No such file or directory
2023-08-14 11:17:56.372116: W tensorflow/stream_executor/platform/default/dso_loader.cc:64] Could not load dynamic library 'libcusolver.so.11'; dlerror: libcusolver.so.11: cannot open shared object file: No such file or directory
2023-08-14 11:17:56.372171: W tensorflow/stream_executor/platform/default/dso_loader.cc:64] Could not load dynamic library 'libcusparse.so.11'; dlerror: libcusparse.so.11: cannot open shared object file: No such file or directory
2023-08-14 11:17:56.372255: W tensorflow/stream_executor/platform/default/dso_loader.cc:64] Could not load dynamic library 'libcudnn.so.8'; dlerror: libcudnn.so.8: cannot open shared object file: No such file or directory
2023-08-14 11:17:56.372264: W tensorflow/core/common_runtime/gpu/gpu_device.cc:1850] Cannot dlopen some GPU libraries. Please make sure the missing libraries mentioned above are installed properly if you would like to use GPU. Follow the guide at https://www.tensorflow.org/install/gpu for how to download and setup the required libraries for your platform.
Skipping registering GPU devices...
2023-08-14 11:17:56.372449: I tensorflow/core/platform/cpu_feature_guard.cc:193] This TensorFlow binary is optimized with oneAPI Deep Neural Network Library (oneDNN) to use the following CPU instructions in performance-critical operations:  AVX2 FMA
To enable them in other operations, rebuild TensorFlow with the appropriate compiler flags.
Model: "model"
__________________________________________________________________________________________________
 Layer (type)                   Output Shape         Param #     Connected to                     
==================================================================================================
 input_1 (InputLayer)           [(None, 5, 120, 1)]  0           []                               
                                                                                                  
 input_2 (InputLayer)           [(None, 5, 120, 1)]  0           []                               
                                                                                                  
 input_3 (InputLayer)           [(None, 5, 120, 1)]  0           []                               
                                                                                                  
 input_4 (InputLayer)           [(None, 5, 120, 1)]  0           []                               
                                                                                                  
 sequence_1 (Sequential)        (None, 128)          483776      ['input_1[0][0]',                
                                                                  'input_3[0][0]']                
                                                                                                  
 sequence_2 (Sequential)        (None, 128)          483776      ['input_2[0][0]',                
                                                                  'input_4[0][0]']                
                                                                                                  
 concatenate_1 (Concatenate)    (None, 256)          0           ['sequence_1[0][0]',             
                                                                  'sequence_2[0][0]']             
                                                                                                  
 concatenate_2 (Concatenate)    (None, 256)          0           ['sequence_1[1][0]',             
                                                                  'sequence_2[1][0]']             
                                                                                                  
 concatenate_final (Concatenate  (None, 512)         0           ['concatenate_1[0][0]',          
 )                                                                'concatenate_2[0][0]']          
                                                                                                  
 dense_2 (Dense)                (None, 1)            513         ['concatenate_final[0][0]']      
                                                                                                  
==================================================================================================
Total params: 968,065
Trainable params: 968,065
Non-trainable params: 0
__________________________________________________________________________________________________

3940/3940 [==============================] - 110s 28ms/step - loss: 0.3512 - accuracy: 0.8322
3940/3940 [==============================] - 112s 28ms/step - loss: 0.3487 - accuracy: 0.8331
3940/3940 [==============================] - 110s 28ms/step - loss: 0.3419 - accuracy: 0.8342
3940/3940 [==============================] - 109s 28ms/step - loss: 0.3369 - accuracy: 0.8347
3940/3940 [==============================] - 113s 28ms/step - loss: 0.3331 - accuracy: 0.8354
3940/3940 [==============================] - 109s 28ms/step - loss: 0.3299 - accuracy: 0.8376
3940/3940 [==============================] - 110s 28ms/step - loss: 0.3263 - accuracy: 0.8390
3940/3940 [==============================] - 110s 28ms/step - loss: 0.3179 - accuracy: 0.8403
3940/3940 [==============================] - 110s 28ms/step - loss: 0.3117 - accuracy: 0.8417
3940/3940 [==============================] - 111s 28ms/step - loss: 0.3045 - accuracy: 0.8421
3940/3940 [==============================] - 114s 28ms/step - loss: 0.3011 - accuracy: 0.8434
3940/3940 [==============================] - 108s 28ms/step - loss: 0.2983 - accuracy: 0.8467
3940/3940 [==============================] - 110s 28ms/step - loss: 0.2941 - accuracy: 0.8498
3940/3940 [==============================] - 113s 28ms/step - loss: 0.2869 - accuracy: 0.8510
3940/3940 [==============================] - 112s 28ms/step - loss: 0.2849 - accuracy: 0.8542
3940/3940 [==============================] - 111s 28ms/step - loss: 0.2784 - accuracy: 0.8589
3940/3940 [==============================] - 110s 28ms/step - loss: 0.2731 - accuracy: 0.8631
3940/3940 [==============================] - 110s 28ms/step - loss: 0.2697 - accuracy: 0.8652
3940/3940 [==============================] - 111s 28ms/step - loss: 0.2678 - accuracy: 0.8721
3940/3940 [==============================] - 111s 28ms/step - loss: 0.2641 - accuracy: 0.8756
3940/3940 [==============================] - 114s 28ms/step - loss: 0.2599 - accuracy: 0.8834
3940/3940 [==============================] - 114s 28ms/step - loss: 0.2578 - accuracy: 0.8878
3940/3940 [==============================] - 112s 28ms/step - loss: 0.2556 - accuracy: 0.8911
3940/3940 [==============================] - 113s 28ms/step - loss: 0.2489 - accuracy: 0.8965
3940/3940 [==============================] - 113s 28ms/step - loss: 0.2404 - accuracy: 0.9034
3940/3940 [==============================] - 110s 28ms/step - loss: 0.2389 - accuracy: 0.9097
3940/3940 [==============================] - 110s 28ms/step - loss: 0.2367 - accuracy: 0.9100
3940/3940 [==============================] - 109s 28ms/step - loss: 0.2341 - accuracy: 0.9122
3940/3940 [==============================] - 109s 28ms/step - loss: 0.2341 - accuracy: 0.9122
3940/3940 [==============================] - 110s 28ms/step - loss: 0.2341 - accuracy: 0.9122

qpp_top_bottom_single_channel.py:320: UserWarning: `Model.fit_generator` is deprecated and will be removed in a future version. Please use `Model.fit`, which supports generators.
  workers=4)
Total_epochs = 30
Output file written in /cnn.pred
